<?xml version="1.0" encoding="UTF-8"?>
<!-- Generated by org.testng.reporters.JUnitReportReporter -->
<testsuite hostname="LAPTOP-6D2MQ256" failures="0" tests="1" name="testnghw1.Guruhw" time="10.866" errors="0" timestamp="2024-05-15T11:47:51 IST" skipped="0">
  <testcase classname="testnghw1.Guruhw" name="guru99_registerpage" time="10.866"/>
  <system-out/>
</testsuite> <!-- testnghw1.Guruhw -->
